#
# A fatal error has been detected by the Java Runtime Environment:
#
#  EXCEPTION_ACCESS_VIOLATION (0xc0000005) at pc=0x0000013228c6c180, pid=18368, tid=16548
#
# JRE version: OpenJDK Runtime Environment Temurin-17.0.6+10 (17.0.6+10) (build 17.0.6+10)
# Java VM: OpenJDK 64-Bit Server VM Temurin-17.0.6+10 (17.0.6+10, mixed mode, emulated-client, tiered, compressed oops, compressed class ptrs, g1 gc, windows-amd64)
# Problematic frame:
# C  0x0000013228c6c180
#
# No core dump will be written. Minidumps are not enabled by default on client versions of Windows
#
# If you would like to submit a bug report, please visit:
#   https://github.com/adoptium/adoptium-support/issues
#

---------------  S U M M A R Y ------------

Command Line: -Dcom.sun.management.jmxremote -Dcom.sun.management.jmxremote.port=51596 -Dcom.sun.management.jmxremote.authenticate=false -Dcom.sun.management.jmxremote.ssl=false -Djava.rmi.server.hostname=localhost -Dspring.jmx.enabled=true -Dmanagement.endpoints.jmx.exposure.include=* -Dspring.application.admin.enabled=true -XX:TieredStopAtLevel=1 -Dspring.boot.project.name=TP2_Spring -Dfile.encoding=UTF-8 -XX:+ShowCodeDetailsInExceptionMessages com.example.demo.Tp2SpringApplication --spring.output.ansi.enabled=always

Host: Intel(R) Core(TM) i7-8565U CPU @ 1.80GHz, 8 cores, 15G,  Windows 10 , 64 bit Build 19041 (10.0.19041.2546)
Time: Mon Apr  3 00:15:09 2023 Maroc elapsed time: 49.586911 seconds (0d 0h 0m 49s)

---------------  T H R E A D  ---------------

Current thread (0x000001ba3d391a10):  JavaThread "restartedMain" [_thread_in_Java, id=16548, stack(0x00000091ea600000,0x00000091ea700000)]

Stack: [0x00000091ea600000,0x00000091ea700000],  sp=0x00000091ea6fd648,  free space=1013k
Native frames: (J=compiled Java code, j=interpreted, Vv=VM code, C=native code)
C  0x0000013228c6c180


siginfo: EXCEPTION_ACCESS_VIOLATION (0xc0000005), data execution prevention violation at address 0x0000013228c6c180


Register to memory mapping:

RIP=0x0000013228c6c180 is an unknown value
RAX=0x00000008005f7298 is a pointer to class: 
org.hibernate.type.DbTimestampType {0x00000008005f72a0}
 - instance size:     5
 - klass size:        320
 - access:            public synchronized 
 - state:             fully_initialized
 - name:              'org/hibernate/type/DbTimestampType'
 - super:             'org/hibernate/type/AbstractSingleColumnStandardBasicType'
 - sub:               
 - arrays:            NULL
 - methods:           Array<T>(0x000001ba3cb56db0)
 - method ordering:   Array<T>(0x000001ba38400018)
 - default_methods:   Array<T>(0x000001ba3cb5cc98)
 - default vtable indices:   Array<T>(0x000001ba3cb5cd58)
 - local interfaces:  Array<T>(0x000001ba38400058)
 - trans. interfaces: Array<T>(0x000001ba3cb5c980)
 - constants:         constant pool [53] {0x000001ba3cb56b78} for 'org/hibernate/type/DbTimestampType' cache=0x000001ba3cb5df28
 - class loader data:  loader data: 0x000001ba3786c950 for instance a 'jdk/internal/loader/ClassLoaders$AppClassLoader'{0x0000000702284748}
 - source file:       'DbTimestampType.java'
 - class annotations:       Array<T>(0x000001ba3cb57068)
 - class type annotations:  Array<T>(0x0000000000000000)
 - field annotations:       Array<T>(0x0000000000000000)
 - field type annotations:  Array<T>(0x0000000000000000)
 - generic signature: 'Lorg/hibernate/type/AbstractSingleColumnStandardBasicType<Ljava/util/Date;>;'
 - inner classes:     Array<T>(0x000001ba38400028)
 - nest members:     Array<T>(0x000001ba38400028)
 - permitted subclasses:     Array<T>(0x000001ba38400028)
 - java mirror:       a 'java/lang/Class'{0x0000000703277f68} = 'org/hibernate/type/DbTimestampType'
 - vtable length      49  (start addr: 0x00000008005f7460)
 - itable length      213 (start addr: 0x00000008005f75e8)
 - ---- static fields (1 words):
 - public static final 'INSTANCE' 'Lorg/hibernate/type/DbTimestampType;' @112 
 - ---- non-static fields (6 words):
 - private final 'jdbcType' 'Lorg/hibernate/type/descriptor/jdbc/JdbcType;' @12 
 - private final 'javaType' 'Lorg/hibernate/type/descriptor/java/JavaType;' @16 
 - private final 'sqlTypes' '[I' @20 
 - private final 'jdbcValueBinder' 'Lorg/hibernate/type/descriptor/ValueBinder;' @24 
 - private final 'jdbcValueExtractor' 'Lorg/hibernate/type/descriptor/ValueExtractor;' @28 
 - private final 'jdbcLiteralFormatter' 'Lorg/hibernate/type/descriptor/jdbc/JdbcLiteralFormatter;' @32 
 - non-static oop maps: 12-32 
RBX={method} {0x000001ba3cb56ed8} 'getName' '
[error occurred during error reporting (printing register info), id 0xc0000005, EXCEPTION_ACCESS_VIOLATION (0xc0000005) at pc=0x00007ffdd5182b26]

Registers:
RAX=0x00000008005f7298, RBX=0x000001ba3cb56ed0, RCX=0x00000007030b6258, RDX=0x0000000080000001
RSP=0x00000091ea6fd648, RBP=0x00000091ea6fd6d0, RSI=0x00000000000000c0, RDI=0x00000000000000ac
R8 =0x0000000000000000, R9 =0x0000000703277f68, R10=0x0000000800000000, R11=0x00000091ea6fd4e0
R12=0x0000000000000000, R13=0x00000091ea6fd650, R14=0x00000091ea6fd728, R15=0x000001ba3d391a10
RIP=0x0000013228c6c180, EFLAGS=0x0000000000010202

Top of Stack: (sp=0x00000091ea6fd648)
0x00000091ea6fd648:   000001ba28c6952f 00000007030b6258
0x00000091ea6fd658:   0000000000000000 0000000707519950
0x00000091ea6fd668:   0000000707519950 0000000707517098
0x00000091ea6fd678:   0000000000000000 00000007030b6258
0x00000091ea6fd688:   00000091ea6fd688 000001ba3cb4f761
0x00000091ea6fd698:   00000091ea6fd728 000001ba3cb51d30
0x00000091ea6fd6a8:   0000000000000000 0000000703278760
0x00000091ea6fd6b8:   000001ba3cb517a0 00000091ea6fd650
0x00000091ea6fd6c8:   00000091ea6fd728 00000091ea6fd778
0x00000091ea6fd6d8:   000001ba28c693d6 0000000000000000
0x00000091ea6fd6e8:   0000000000000000 0000000000000000
0x00000091ea6fd6f8:   0000000000000000 0000000000000000
0x00000091ea6fd708:   0000000000000000 0000000000000000
0x00000091ea6fd718:   0000000000000000 0000000707517098
0x00000091ea6fd728:   0000000707515728 00000091ea6fd730
0x00000091ea6fd738:   000001ba3ca86c31 00000091ea6fd788 

Instructions: (pc=0x0000013228c6c180)
0x0000013228c6c080:   ?? ?? ?? ?? ?? ?? ?? ?? ?? ?? ?? ?? ?? ?? ?? ??
0x0000013228c6c090:   ?? ?? ?? ?? ?? ?? ?? ?? ?? ?? ?? ?? ?? ?? ?? ??
0x0000013228c6c0a0:   ?? ?? ?? ?? ?? ?? ?? ?? ?? ?? ?? ?? ?? ?? ?? ??
0x0000013228c6c0b0:   ?? ?? ?? ?? ?? ?? ?? ?? ?? ?? ?? ?? ?? ?? ?? ??
0x0000013228c6c0c0:   ?? ?? ?? ?? ?? ?? ?? ?? ?? ?? ?? ?? ?? ?? ?? ??
0x0000013228c6c0d0:   ?? ?? ?? ?? ?? ?? ?? ?? ?? ?? ?? ?? ?? ?? ?? ??
0x0000013228c6c0e0:   ?? ?? ?? ?? ?? ?? ?? ?? ?? ?? ?? ?? ?? ?? ?? ??
0x0000013228c6c0f0:   ?? ?? ?? ?? ?? ?? ?? ?? ?? ?? ?? ?? ?? ?? ?? ??
0x0000013228c6c100:   ?? ?? ?? ?? ?? ?? ?? ?? ?? ?? ?? ?? ?? ?? ?? ??
0x0000013228c6c110:   ?? ?? ?? ?? ?? ?? ?? ?? ?? ?? ?? ?? ?? ?? ?? ??
0x0000013228c6c120:   ?? ?? ?? ?? ?? ?? ?? ?? ?? ?? ?? ?? ?? ?? ?? ??
0x0000013228c6c130:   ?? ?? ?? ?? ?? ?? ?? ?? ?? ?? ?? ?? ?? ?? ?? ??
0x0000013228c6c140:   ?? ?? ?? ?? ?? ?? ?? ?? ?? ?? ?? ?? ?? ?? ?? ??
0x0000013228c6c150:   ?? ?? ?? ?? ?? ?? ?? ?? ?? ?? ?? ?? ?? ?? ?? ??
0x0000013228c6c160:   ?? ?? ?? ?? ?? ?? ?? ?? ?? ?? ?? ?? ?? ?? ?? ??
0x0000013228c6c170:   ?? ?? ?? ?? ?? ?? ?? ?? ?? ?? ?? ?? ?? ?? ?? ??
0x0000013228c6c180:   ?? ?? ?? ?? ?? ?? ?? ?? ?? ?? ?? ?? ?? ?? ?? ??
0x0000013228c6c190:   ?? ?? ?? ?? ?? ?? ?? ?? ?? ?? ?? ?? ?? ?? ?? ??
0x0000013228c6c1a0:   ?? ?? ?? ?? ?? ?? ?? ?? ?? ?? ?? ?? ?? ?? ?? ??
0x0000013228c6c1b0:   ?? ?? ?? ?? ?? ?? ?? ?? ?? ?? ?? ?? ?? ?? ?? ??
0x0000013228c6c1c0:   ?? ?? ?? ?? ?? ?? ?? ?? ?? ?? ?? ?? ?? ?? ?? ??
0x0000013228c6c1d0:   ?? ?? ?? ?? ?? ?? ?? ?? ?? ?? ?? ?? ?? ?? ?? ??
0x0000013228c6c1e0:   ?? ?? ?? ?? ?? ?? ?? ?? ?? ?? ?? ?? ?? ?? ?? ??
0x0000013228c6c1f0:   ?? ?? ?? ?? ?? ?? ?? ?? ?? ?? ?? ?? ?? ?? ?? ??
0x0000013228c6c200:   ?? ?? ?? ?? ?? ?? ?? ?? ?? ?? ?? ?? ?? ?? ?? ??
0x0000013228c6c210:   ?? ?? ?? ?? ?? ?? ?? ?? ?? ?? ?? ?? ?? ?? ?? ??
0x0000013228c6c220:   ?? ?? ?? ?? ?? ?? ?? ?? ?? ?? ?? ?? ?? ?? ?? ??
0x0000013228c6c230:   ?? ?? ?? ?? ?? ?? ?? ?? ?? ?? ?? ?? ?? ?? ?? ??
0x0000013228c6c240:   ?? ?? ?? ?? ?? ?? ?? ?? ?? ?? ?? ?? ?? ?? ?? ??
0x0000013228c6c250:   ?? ?? ?? ?? ?? ?? ?? ?? ?? ?? ?? ?? ?? ?? ?? ??
0x0000013228c6c260:   ?? ?? ?? ?? ?? ?? ?? ?? ?? ?? ?? ?? ?? ?? ?? ??
0x0000013228c6c270:   ?? ?? ?? ?? ?? ?? ?? ?? ?? ?? ?? ?? ?? ?? ?? ?? 


Stack slot to memory mapping:
stack at sp + 0 slots: 0x000001ba28c6952f is at code_begin+1167 in an Interpreter codelet
return entry points  [0x000001ba28c690a0, 0x000001ba28c698c0]  2080 bytes
stack at sp + 1 slots: 0x00000007030b6258 is an oop: org.hibernate.type.DbTimestampType 
{0x00000007030b6258} - klass: 'org/hibernate/type/DbTimestampType'
 - ---- fields (total size 5 words):
 - private final 'jdbcType' 'Lorg/hibernate/type/descriptor/jdbc/JdbcType;' @12  a 'org/hibernate/type/descriptor/jdbc/TimestampJdbcType'{0x0000000703062250} (e060c44a)
 - private final 'javaType' 'Lorg/hibernate/type/descriptor/java/JavaType;' @16  a 'org/hibernate/type/descriptor/java/DbTimestampJavaType'{0x00000007030b6248} (e0616c49)
 - private final 'sqlTypes' '[I' @20  [I{0x00000007030b6280} (e0616c50)
 - private final 'jdbcValueBinder' 'Lorg/hibernate/type/descriptor/ValueBinder;' @24  a 'org/hibernate/type/descriptor/jdbc/TimestampJdbcType$1'{0x00000007030b6298} (e0616c53)
 - private final 'jdbcValueExtractor' 'Lorg/hibernate/type/descriptor/ValueExtractor;' @28  a 'org/hibernate/type/descriptor/jdbc/TimestampJdbcType$2'{0x00000007030b62b8} (e0616c57)
 - private final 'jdbcLiteralFormatter' 'Lorg/hibernate/type/descriptor/jdbc/JdbcLiteralFormatter;' @32  a 'org/hibernate/type/descriptor/jdbc/internal/JdbcLiteralFormatterTemporal'{0x00000007030b62d8} (e0616c5b)
stack at sp + 2 slots: 0x0 is NULL
stack at sp + 3 slots: 0x0000000707519950 is an oop: [Ljava.lang.String; 
{0x0000000707519950} - klass: 'java/lang/String'[]
 - length: 2
stack at sp + 4 slots: 0x0000000707519950 is an oop: [Ljava.lang.String; 
{0x0000000707519950} - klass: 'java/lang/String'[]
 - length: 2
stack at sp + 5 slots: 0x0000000707517098 is an oop: org.hibernate.type.BasicTypeRegistry 
{0x0000000707517098} - klass: 'org/hibernate/type/BasicTypeRegistry'
 - ---- fields (total size 4 words):
 - private 'primed' 'Z' @12  false
 - private final 'typeConfiguration' 'Lorg/hibernate/type/spi/TypeConfiguration;' @16  a 'org/hibernate/type/spi/TypeConfiguration'{0x0000000707515728} (e0ea2ae5)
 - private final 'registryValues' 'Ljava/util/Map;' @20  a 'java/util/concurrent/ConcurrentHashMap'{0x00000007075170b8} (e0ea2e17)
 - private final 'typesByName' 'Ljava/util/Map;' @24  a 'java/util/concurrent/ConcurrentHashMap'{0x00000007075170f8} (e0ea2e1f)
 - private final 'typeReferencesByName' 'Ljava/util/Map;' @28  a 'java/util/concurrent/ConcurrentHashMap'{0x0000000707517138} (e0ea2e27)
stack at sp + 6 slots: 0x0 is NULL
stack at sp + 7 slots: 0x00000007030b6258 is an oop: org.hibernate.type.DbTimestampType 
{0x00000007030b6258} - klass: 'org/hibernate/type/DbTimestampType'
 - ---- fields (total size 5 words):
 - private final 'jdbcType' 'Lorg/hibernate/type/descriptor/jdbc/JdbcType;' @12  a 'org/hibernate/type/descriptor/jdbc/TimestampJdbcType'{0x0000000703062250} (e060c44a)
 - private final 'javaType' 'Lorg/hibernate/type/descriptor/java/JavaType;' @16  a 'org/hibernate/type/descriptor/java/DbTimestampJavaType'{0x00000007030b6248} (e0616c49)
 - private final 'sqlTypes' '[I' @20  [I{0x00000007030b6280} (e0616c50)
 - private final 'jdbcValueBinder' 'Lorg/hibernate/type/descriptor/ValueBinder;' @24  a 'org/hibernate/type/descriptor/jdbc/TimestampJdbcType$1'{0x00000007030b6298} (e0616c53)
 - private final 'jdbcValueExtractor' 'Lorg/hibernate/type/descriptor/ValueExtractor;' @28  a 'org/hibernate/type/descriptor/jdbc/TimestampJdbcType$2'{0x00000007030b62b8} (e0616c57)
 - private final 'jdbcLiteralFormatter' 'Lorg/hibernate/type/descriptor/jdbc/JdbcLiteralFormatter;' @32  a 'org/hibernate/type/descriptor/jdbc/internal/JdbcLiteralFormatterTemporal'{0x00000007030b62d8} (e0616c5b)


---------------  P R O C E S S  ---------------

Threads class SMR info:
_java_thread_list=0x000001ba3d273d80, length=30, elements={
0x000001ba37f94260, 0x000001ba37f97340, 0x000001ba37866a90, 0x000001ba37867350,
0x000001ba37867c10, 0x000001ba378684d0, 0x000001ba37fbe030, 0x000001ba37fc1e30,
0x000001ba3786d160, 0x000001ba381ade10, 0x000001ba3917c2a0, 0x000001ba3916b000,
0x000001ba3916b920, 0x000001ba39297cc0, 0x000001ba392977c0, 0x000001ba39463d60,
0x000001ba394b2870, 0x000001ba394b06c0, 0x000001ba394b1530, 0x000001ba3d392d50,
0x000001ba3d396be0, 0x000001ba3d391a10, 0x000001ba3a678170, 0x000001ba3d350f30,
0x000001ba3d351440, 0x000001ba3d3970b0, 0x000001ba3d3923b0, 0x000001ba3d397580,
0x000001ba3d397f20, 0x000001ba3d394090
}

Java Threads: ( => current thread )
  0x000001ba37f94260 JavaThread "Reference Handler" daemon [_thread_blocked, id=15020, stack(0x00000091e8400000,0x00000091e8500000)]
  0x000001ba37f97340 JavaThread "Finalizer" daemon [_thread_blocked, id=13344, stack(0x00000091e8500000,0x00000091e8600000)]
  0x000001ba37866a90 JavaThread "Signal Dispatcher" daemon [_thread_blocked, id=16376, stack(0x00000091e8600000,0x00000091e8700000)]
  0x000001ba37867350 JavaThread "Attach Listener" daemon [_thread_blocked, id=16556, stack(0x00000091e8700000,0x00000091e8800000)]
  0x000001ba37867c10 JavaThread "Service Thread" daemon [_thread_blocked, id=16284, stack(0x00000091e8800000,0x00000091e8900000)]
  0x000001ba378684d0 JavaThread "Monitor Deflation Thread" daemon [_thread_blocked, id=15476, stack(0x00000091e8900000,0x00000091e8a00000)]
  0x000001ba37fbe030 JavaThread "C1 CompilerThread0" daemon [_thread_blocked, id=15320, stack(0x00000091e8a00000,0x00000091e8b00000)]
  0x000001ba37fc1e30 JavaThread "Sweeper thread" daemon [_thread_blocked, id=17420, stack(0x00000091e8b00000,0x00000091e8c00000)]
  0x000001ba3786d160 JavaThread "Common-Cleaner" daemon [_thread_blocked, id=17416, stack(0x00000091e8c00000,0x00000091e8d00000)]
  0x000001ba381ade10 JavaThread "Notification Thread" daemon [_thread_blocked, id=17280, stack(0x00000091e8f00000,0x00000091e9000000)]
  0x000001ba3917c2a0 JavaThread "RMI TCP Accept-0" daemon [_thread_in_native, id=4524, stack(0x00000091e9000000,0x00000091e9100000)]
  0x000001ba3916b000 JavaThread "RMI TCP Accept-51596" daemon [_thread_blocked, id=14144, stack(0x00000091e9100000,0x00000091e9200000)]
  0x000001ba3916b920 JavaThread "RMI TCP Accept-0" daemon [_thread_in_native, id=17328, stack(0x00000091e9200000,0x00000091e9300000)]
  0x000001ba39297cc0 JavaThread "RMI TCP Connection(idle)" daemon [_thread_blocked, id=13280, stack(0x00000091e9400000,0x00000091e9500000)]
  0x000001ba392977c0 JavaThread "RMI Scheduler(0)" daemon [_thread_blocked, id=14904, stack(0x00000091e9500000,0x00000091e9600000)]
  0x000001ba39463d60 JavaThread "RMI TCP Connection(3)-127.0.0.1" daemon [_thread_in_native, id=16288, stack(0x00000091e9600000,0x00000091e9700000)]
  0x000001ba394b2870 JavaThread "JMX server connection timeout 22" daemon [_thread_blocked, id=16920, stack(0x00000091e9700000,0x00000091e9800000)]
  0x000001ba394b06c0 JavaThread "mysql-cj-abandoned-connection-cleanup" daemon [_thread_blocked, id=17696, stack(0x00000091ea200000,0x00000091ea300000)]
  0x000001ba394b1530 JavaThread "Live Reload Server" daemon [_thread_in_native, id=18192, stack(0x00000091eac00000,0x00000091ead00000)]
  0x000001ba3d392d50 JavaThread "DestroyJavaVM" [_thread_blocked, id=18408, stack(0x00000091e7d00000,0x00000091e7e00000)]
  0x000001ba3d396be0 JavaThread "Thread-5" [_thread_blocked, id=17188, stack(0x00000091ea000000,0x00000091ea100000)]
=>0x000001ba3d391a10 JavaThread "restartedMain" [_thread_in_Java, id=16548, stack(0x00000091ea600000,0x00000091ea700000)]
  0x000001ba3a678170 JavaThread "C1 CompilerThread1" daemon [_thread_blocked, id=17632, stack(0x00000091ea500000,0x00000091ea600000)]
  0x000001ba3d350f30 JavaThread "C1 CompilerThread2" daemon [_thread_blocked, id=16804, stack(0x00000091ea700000,0x00000091ea800000)]
  0x000001ba3d351440 JavaThread "C1 CompilerThread3" daemon [_thread_blocked, id=17032, stack(0x00000091ea800000,0x00000091ea900000)]
  0x000001ba3d3970b0 JavaThread "HikariPool-2 housekeeper" daemon [_thread_blocked, id=16800, stack(0x00000091ea900000,0x00000091eaa00000)]
  0x000001ba3d3923b0 JavaThread "Catalina-utility-1" [_thread_blocked, id=16592, stack(0x00000091eaa00000,0x00000091eab00000)]
  0x000001ba3d397580 JavaThread "Catalina-utility-2" [_thread_blocked, id=16600, stack(0x00000091eab00000,0x00000091eac00000)]
  0x000001ba3d397f20 JavaThread "container-0" [_thread_blocked, id=16972, stack(0x00000091ead00000,0x00000091eae00000)]
  0x000001ba3d394090 JavaThread "HikariPool-2 connection adder" daemon [_thread_blocked, id=17612, stack(0x00000091eae00000,0x00000091eaf00000)]

Other Threads:
  0x000001ba37f81aa0 VMThread "VM Thread" [stack: 0x00000091e8300000,0x00000091e8400000] [id=17440] _threads_hazard_ptr=0x000001ba3d273d80
  0x000001ba39175930 WatcherThread [stack: 0x00000091e9300000,0x00000091e9400000] [id=15636]
  0x000001ba25638a30 GCTaskThread "GC Thread#0" [stack: 0x00000091e7e00000,0x00000091e7f00000] [id=18412]
  0x000001ba394f9450 GCTaskThread "GC Thread#1" [stack: 0x00000091e9800000,0x00000091e9900000] [id=8236]
  0x000001ba394f9700 GCTaskThread "GC Thread#2" [stack: 0x00000091e9900000,0x00000091e9a00000] [id=14668]
  0x000001ba394f99b0 GCTaskThread "GC Thread#3" [stack: 0x00000091e9a00000,0x00000091e9b00000] [id=11736]
  0x000001ba394f9c60 GCTaskThread "GC Thread#4" [stack: 0x00000091e9b00000,0x00000091e9c00000] [id=17428]
  0x000001ba394fa930 GCTaskThread "GC Thread#5" [stack: 0x00000091e9c00000,0x00000091e9d00000] [id=17432]
  0x000001ba3a375150 GCTaskThread "GC Thread#6" [stack: 0x00000091e9d00000,0x00000091e9e00000] [id=15640]
  0x000001ba3a376420 GCTaskThread "GC Thread#7" [stack: 0x00000091ea300000,0x00000091ea400000] [id=968]
  0x000001ba2564bce0 ConcurrentGCThread "G1 Main Marker" [stack: 0x00000091e7f00000,0x00000091e8000000] [id=18416]
  0x000001ba2564c870 ConcurrentGCThread "G1 Conc#0" [stack: 0x00000091e8000000,0x00000091e8100000] [id=18420]
  0x000001ba3a375400 ConcurrentGCThread "G1 Conc#1" [stack: 0x00000091ea400000,0x00000091ea500000] [id=16968]
  0x000001ba2566e5a0 ConcurrentGCThread "G1 Refine#0" [stack: 0x00000091e8100000,0x00000091e8200000] [id=18424]
  0x000001ba3952e2e0 ConcurrentGCThread "G1 Refine#1" [stack: 0x00000091e9e00000,0x00000091e9f00000] [id=17452]
  0x000001ba3952ebe0 ConcurrentGCThread "G1 Refine#2" [stack: 0x00000091e9f00000,0x00000091ea000000] [id=17448]
  0x000001ba3774c460 ConcurrentGCThread "G1 Service" [stack: 0x00000091e8200000,0x00000091e8300000] [id=18428]

Threads with active compile tasks:

VM state: synchronizing (normal execution)

VM Mutex/Monitor currently owned by a thread:  ([mutex/lock_event])
[0x000001ba233fcb70] Threads_lock - owner thread: 0x000001ba37f81aa0

Heap address: 0x0000000702000000, size: 4064 MB, Compressed Oops mode: Zero based, Oop shift amount: 3

CDS archive(s) not mapped
Compressed class space mapped at: 0x0000000800000000-0x0000000840000000, reserved size: 1073741824
Narrow klass base: 0x0000000800000000, Narrow klass shift: 0, Narrow klass range: 0x40000000

GC Precious Log:
 CPUs: 8 total, 8 available
 Memory: 16254M
 Large Page Support: Disabled
 NUMA Support: Disabled
 Compressed Oops: Enabled (Zero based)
 Heap Region Size: 2M
 Heap Min Capacity: 8M
 Heap Initial Capacity: 254M
 Heap Max Capacity: 4064M
 Pre-touch: Disabled
 Parallel Workers: 8
 Concurrent Workers: 2
 Concurrent Refinement Workers: 8
 Periodic GC: Disabled

Heap:
 garbage-first heap   total 69632K, used 24495K [0x0000000702000000, 0x0000000800000000)
  region size 2048K, 4 young (8192K), 2 survivors (4096K)
 Metaspace       used 62501K, committed 63040K, reserved 1105920K
  class space    used 8445K, committed 8704K, reserved 1048576K

Heap Regions: E=young(eden), S=young(survivor), O=old, HS=humongous(starts), HC=humongous(continues), CS=collection set, F=free, OA=open archive, CA=closed archive, TAMS=top-at-mark-start (previous, next)
|   0|0x0000000702000000, 0x0000000702200000, 0x0000000702200000|100%| O|  |TAMS 0x0000000702200000, 0x0000000702000000| Untracked 
|   1|0x0000000702200000, 0x00000007023fffc8, 0x0000000702400000| 99%| O|  |TAMS 0x0000000702200000, 0x0000000702200000| Untracked 
|   2|0x0000000702400000, 0x0000000702600000, 0x0000000702600000|100%| O|  |TAMS 0x0000000702600000, 0x0000000702400000| Untracked 
|   3|0x0000000702600000, 0x0000000702800000, 0x0000000702800000|100%| O|  |TAMS 0x0000000702800000, 0x0000000702600000| Untracked 
|   4|0x0000000702800000, 0x00000007029ffff0, 0x0000000702a00000| 99%| O|  |TAMS 0x0000000702800000, 0x0000000702800000| Untracked 
|   5|0x0000000702a00000, 0x0000000702bfffb8, 0x0000000702c00000| 99%| O|  |TAMS 0x0000000702a00000, 0x0000000702a00000| Untracked 
|   6|0x0000000702c00000, 0x0000000702e00000, 0x0000000702e00000|100%| O|  |TAMS 0x0000000702c00000, 0x0000000702c00000| Untracked 
|   7|0x0000000702e00000, 0x0000000703000000, 0x0000000703000000|100%| O|  |TAMS 0x0000000702e00000, 0x0000000702e00000| Untracked 
|   8|0x0000000703000000, 0x0000000703146160, 0x0000000703200000| 63%| O|  |TAMS 0x0000000703000000, 0x0000000703000000| Untracked 
|   9|0x0000000703200000, 0x00000007033ffff0, 0x0000000703400000| 99%| O|  |TAMS 0x0000000703200000, 0x0000000703200000| Untracked 
|  10|0x0000000703400000, 0x0000000703400000, 0x0000000703600000|  0%| F|  |TAMS 0x0000000703400000, 0x0000000703400000| Untracked 
|  11|0x0000000703600000, 0x0000000703600000, 0x0000000703800000|  0%| F|  |TAMS 0x0000000703600000, 0x0000000703600000| Untracked 
|  12|0x0000000703800000, 0x0000000703800000, 0x0000000703a00000|  0%| F|  |TAMS 0x0000000703800000, 0x0000000703800000| Untracked 
|  13|0x0000000703a00000, 0x0000000703a00000, 0x0000000703c00000|  0%| F|  |TAMS 0x0000000703a00000, 0x0000000703a00000| Untracked 
|  14|0x0000000703c00000, 0x0000000703c00000, 0x0000000703e00000|  0%| F|  |TAMS 0x0000000703c00000, 0x0000000703c00000| Untracked 
|  15|0x0000000703e00000, 0x0000000703e00000, 0x0000000704000000|  0%| F|  |TAMS 0x0000000703e00000, 0x0000000703e00000| Untracked 
|  16|0x0000000704000000, 0x00000007040a4190, 0x0000000704200000| 32%| S|CS|TAMS 0x0000000704000000, 0x0000000704000000| Complete 
|  17|0x0000000704200000, 0x0000000704400000, 0x0000000704400000|100%| S|CS|TAMS 0x0000000704200000, 0x0000000704200000| Complete 
|  18|0x0000000704400000, 0x0000000704400000, 0x0000000704600000|  0%| F|  |TAMS 0x0000000704400000, 0x0000000704400000| Untracked 
|  19|0x0000000704600000, 0x0000000704600000, 0x0000000704800000|  0%| F|  |TAMS 0x0000000704600000, 0x0000000704600000| Untracked 
|  20|0x0000000704800000, 0x0000000704800000, 0x0000000704a00000|  0%| F|  |TAMS 0x0000000704800000, 0x0000000704800000| Untracked 
|  21|0x0000000704a00000, 0x0000000704a01c88, 0x0000000704c00000|  0%| O|  |TAMS 0x0000000704a00000, 0x0000000704a00000| Untracked 
|  22|0x0000000704c00000, 0x0000000704c00000, 0x0000000704e00000|  0%| F|  |TAMS 0x0000000704c00000, 0x0000000704c00000| Untracked 
|  23|0x0000000704e00000, 0x0000000704e00000, 0x0000000705000000|  0%| F|  |TAMS 0x0000000704e00000, 0x0000000704e00000| Untracked 
|  24|0x0000000705000000, 0x0000000705000000, 0x0000000705200000|  0%| F|  |TAMS 0x0000000705000000, 0x0000000705000000| Untracked 
|  25|0x0000000705200000, 0x0000000705200000, 0x0000000705400000|  0%| F|  |TAMS 0x0000000705200000, 0x0000000705200000| Untracked 
|  26|0x0000000705400000, 0x0000000705400000, 0x0000000705600000|  0%| F|  |TAMS 0x0000000705400000, 0x0000000705400000| Untracked 
|  27|0x0000000705600000, 0x0000000705600000, 0x0000000705800000|  0%| F|  |TAMS 0x0000000705600000, 0x0000000705600000| Untracked 
|  28|0x0000000705800000, 0x0000000705800000, 0x0000000705a00000|  0%| F|  |TAMS 0x0000000705800000, 0x0000000705800000| Untracked 
|  39|0x0000000706e00000, 0x0000000706e00000, 0x0000000707000000|  0%| F|  |TAMS 0x0000000706e00000, 0x0000000706e00000| Untracked 
|  40|0x0000000707000000, 0x0000000707000000, 0x0000000707200000|  0%| F|  |TAMS 0x0000000707000000, 0x0000000707000000| Untracked 
|  41|0x0000000707200000, 0x0000000707200000, 0x0000000707400000|  0%| F|  |TAMS 0x0000000707200000, 0x0000000707200000| Untracked 
|  42|0x0000000707400000, 0x000000070754c690, 0x0000000707600000| 64%| E|  |TAMS 0x0000000707400000, 0x0000000707400000| Complete 
| 126|0x0000000711c00000, 0x0000000711e00000, 0x0000000711e00000|100%| E|CS|TAMS 0x0000000711c00000, 0x0000000711c00000| Complete 

Card table byte_map: [0x000001ba2c560000,0x000001ba2cd50000] _byte_map_base: 0x000001ba28d50000

Marking Bits (Prev, Next): (CMBitMap*) 0x000001ba2563ae10, (CMBitMap*) 0x000001ba2563ae50
 Prev Bits: [0x000001ba2d540000, 0x000001ba314c0000)
 Next Bits: [0x000001ba314c0000, 0x000001ba35440000)

Polling page: 0x000001ba234a0000

Metaspace:

Usage:
  Non-class:     52.79 MB used.
      Class:      8.25 MB used.
       Both:     61.04 MB used.

Virtual space:
  Non-class space:       56.00 MB reserved,      53.06 MB ( 95%) committed,  7 nodes.
      Class space:        1.00 GB reserved,       8.50 MB ( <1%) committed,  1 nodes.
             Both:        1.05 GB reserved,      61.56 MB (  6%) committed. 

Chunk freelists:
   Non-Class:  2.88 MB
       Class:  3.53 MB
        Both:  6.42 MB

MaxMetaspaceSize: unlimited
CompressedClassSpaceSize: 1.00 GB
Initial GC threshold: 21.00 MB
Current GC threshold: 102.62 MB
CDS: off
MetaspaceReclaimPolicy: balanced
 - commit_granule_bytes: 65536.
 - commit_granule_words: 8192.
 - virtual_space_node_default_size: 1048576.
 - enlarge_chunks_in_place: 1.
 - new_chunks_are_fully_committed: 0.
 - uncommit_free_chunks: 1.
 - use_allocation_guard: 0.
 - handle_deallocations: 1.


Internal statistics:

num_allocs_failed_limit: 9.
num_arena_births: 700.
num_arena_deaths: 0.
num_vsnodes_births: 8.
num_vsnodes_deaths: 0.
num_space_committed: 985.
num_space_uncommitted: 0.
num_chunks_returned_to_freelist: 9.
num_chunks_taken_from_freelist: 2685.
num_chunk_merges: 6.
num_chunk_splits: 1920.
num_chunks_enlarged: 1461.
num_purges: 2.
num_inconsistent_stats: 0.

CodeCache: size=49152Kb used=10933Kb max_used=10933Kb free=38218Kb
 bounds [0x000001ba28c60000, 0x000001ba29720000, 0x000001ba2bc60000]
 total_blobs=5696 nmethods=5054 adapters=566
 compilation: enabled
              stopped_count=0, restarted_count=0
 full_count=0

Compilation events (20 events):
Event: 42.903 Thread 0x000001ba3a678170 5042       1       org.hibernate.type.descriptor.java.AbstractClassJavaType::getJavaType (5 bytes)
Event: 42.904 Thread 0x000001ba3a678170 nmethod 5042 0x000001ba29188a90 code [0x000001ba29188c20, 0x000001ba29188cf8]
Event: 42.904 Thread 0x000001ba3a678170 5043       1       org.jboss.logging.Logger::logf (32 bytes)
Event: 42.904 Thread 0x000001ba3d351440 5044       1       org.jboss.logging.DelegatingBasicLogger::debugf (18 bytes)
Event: 42.904 Thread 0x000001ba3a678170 nmethod 5043 0x000001ba29188390 code [0x000001ba29188540, 0x000001ba291888f8]
Event: 42.904 Thread 0x000001ba3d351440 nmethod 5044 0x000001ba29187c10 code [0x000001ba29187de0, 0x000001ba291881b8]
Event: 42.980 Thread 0x000001ba3d351440 5045       1       org.h2.util.StringUtils::toUpperEnglish (79 bytes)
Event: 42.980 Thread 0x000001ba3a678170 5046       1       org.h2.engine.IsolationLevel::allowNonRepeatableRead (19 bytes)
Event: 42.980 Thread 0x000001ba3a678170 nmethod 5046 0x000001ba29187910 code [0x000001ba29187aa0, 0x000001ba29187b78]
Event: 42.980 Thread 0x000001ba3d350f30 5047       1       org.h2.mvstore.tx.Transaction::allowNonRepeatableRead (8 bytes)
Event: 42.981 Thread 0x000001ba3d351440 nmethod 5045 0x000001ba29186d90 code [0x000001ba29186fc0, 0x000001ba29187658]
Event: 42.981 Thread 0x000001ba3d350f30 nmethod 5047 0x000001ba29186a90 code [0x000001ba29186c20, 0x000001ba29186d18]
Event: 42.996 Thread 0x000001ba3d351440 5048       1       org.h2.engine.SessionLocal::checkSuspended (20 bytes)
Event: 42.996 Thread 0x000001ba3d351440 nmethod 5048 0x000001ba29186410 code [0x000001ba291865e0, 0x000001ba291868e8]
Event: 43.026 Thread 0x000001ba3d350f30 5049       1       org.h2.util.Utils::parseBoolean (161 bytes)
Event: 43.026 Thread 0x000001ba3d351440 5050       1       org.h2.engine.SessionLocal::isClosed (19 bytes)
Event: 43.027 Thread 0x000001ba3d351440 nmethod 5050 0x000001ba29186110 code [0x000001ba291862a0, 0x000001ba29186398]
Event: 43.027 Thread 0x000001ba3d350f30 nmethod 5049 0x000001ba29185710 code [0x000001ba29185980, 0x000001ba29185ec8]
Event: 43.043 Thread 0x000001ba3d350f30 5051       1       jdk.internal.misc.Unsafe::weakCompareAndSetReference (11 bytes)
Event: 43.043 Thread 0x000001ba3d350f30 nmethod 5051 0x000001ba29185390 code [0x000001ba29185520, 0x000001ba29185658]

GC Heap History (20 events):
Event: 1.087 GC heap before
{Heap before GC invocations=5 (full 0):
 garbage-first heap   total 40960K, used 11906K [0x0000000702000000, 0x0000000800000000)
  region size 2048K, 3 young (6144K), 2 survivors (4096K)
 Metaspace       used 26382K, committed 26624K, reserved 1073152K
  class space    used 3113K, committed 3200K, reserved 1048576K
}
Event: 1.089 GC heap after
{Heap after GC invocations=6 (full 0):
 garbage-first heap   total 40960K, used 10274K [0x0000000702000000, 0x0000000800000000)
  region size 2048K, 1 young (2048K), 1 survivors (2048K)
 Metaspace       used 26382K, committed 26624K, reserved 1073152K
  class space    used 3113K, committed 3200K, reserved 1048576K
}
Event: 1.282 GC heap before
{Heap before GC invocations=6 (full 0):
 garbage-first heap   total 40960K, used 26658K [0x0000000702000000, 0x0000000800000000)
  region size 2048K, 9 young (18432K), 1 survivors (2048K)
 Metaspace       used 27674K, committed 27904K, reserved 1073152K
  class space    used 3298K, committed 3392K, reserved 1048576K
}
Event: 1.284 GC heap after
{Heap after GC invocations=7 (full 0):
 garbage-first heap   total 151552K, used 11176K [0x0000000702000000, 0x0000000800000000)
  region size 2048K, 1 young (2048K), 1 survivors (2048K)
 Metaspace       used 27674K, committed 27904K, reserved 1073152K
  class space    used 3298K, committed 3392K, reserved 1048576K
}
Event: 2.066 GC heap before
{Heap before GC invocations=7 (full 0):
 garbage-first heap   total 151552K, used 72616K [0x0000000702000000, 0x0000000800000000)
  region size 2048K, 32 young (65536K), 1 survivors (2048K)
 Metaspace       used 35748K, committed 36160K, reserved 1081344K
  class space    used 4481K, committed 4672K, reserved 1048576K
}
Event: 2.072 GC heap after
{Heap after GC invocations=8 (full 0):
 garbage-first heap   total 151552K, used 16261K [0x0000000702000000, 0x0000000800000000)
  region size 2048K, 4 young (8192K), 4 survivors (8192K)
 Metaspace       used 35748K, committed 36160K, reserved 1081344K
  class space    used 4481K, committed 4672K, reserved 1048576K
}
Event: 2.508 GC heap before
{Heap before GC invocations=9 (full 0):
 garbage-first heap   total 69632K, used 49029K [0x0000000702000000, 0x0000000800000000)
  region size 2048K, 20 young (40960K), 4 survivors (8192K)
 Metaspace       used 43869K, committed 44352K, reserved 1089536K
  class space    used 5540K, committed 5760K, reserved 1048576K
}
Event: 2.512 GC heap after
{Heap after GC invocations=10 (full 0):
 garbage-first heap   total 69632K, used 18019K [0x0000000702000000, 0x0000000800000000)
  region size 2048K, 2 young (4096K), 2 survivors (4096K)
 Metaspace       used 43869K, committed 44352K, reserved 1089536K
  class space    used 5540K, committed 5760K, reserved 1048576K
}
Event: 2.544 GC heap before
{Heap before GC invocations=10 (full 0):
 garbage-first heap   total 69632K, used 20067K [0x0000000702000000, 0x0000000800000000)
  region size 2048K, 3 young (6144K), 2 survivors (4096K)
 Metaspace       used 44304K, committed 44736K, reserved 1089536K
  class space    used 5608K, committed 5824K, reserved 1048576K
}
Event: 2.547 GC heap after
{Heap after GC invocations=11 (full 0):
 garbage-first heap   total 69632K, used 18514K [0x0000000702000000, 0x0000000800000000)
  region size 2048K, 1 young (2048K), 1 survivors (2048K)
 Metaspace       used 44304K, committed 44736K, reserved 1089536K
  class space    used 5608K, committed 5824K, reserved 1048576K
}
Event: 2.932 GC heap before
{Heap before GC invocations=11 (full 0):
 garbage-first heap   total 69632K, used 45138K [0x0000000702000000, 0x0000000800000000)
  region size 2048K, 15 young (30720K), 1 survivors (2048K)
 Metaspace       used 52379K, committed 52928K, reserved 1097728K
  class space    used 6850K, committed 7104K, reserved 1048576K
}
Event: 2.935 GC heap after
{Heap after GC invocations=12 (full 0):
 garbage-first heap   total 69632K, used 19570K [0x0000000702000000, 0x0000000800000000)
  region size 2048K, 1 young (2048K), 1 survivors (2048K)
 Metaspace       used 52379K, committed 52928K, reserved 1097728K
  class space    used 6850K, committed 7104K, reserved 1048576K
}
Event: 3.381 GC heap before
{Heap before GC invocations=12 (full 0):
 garbage-first heap   total 69632K, used 50290K [0x0000000702000000, 0x0000000800000000)
  region size 2048K, 16 young (32768K), 1 survivors (2048K)
 Metaspace       used 59212K, committed 59776K, reserved 1105920K
  class space    used 7928K, committed 8192K, reserved 1048576K
}
Event: 3.384 GC heap after
{Heap after GC invocations=13 (full 0):
 garbage-first heap   total 69632K, used 21080K [0x0000000702000000, 0x0000000800000000)
  region size 2048K, 2 young (4096K), 2 survivors (4096K)
 Metaspace       used 59212K, committed 59776K, reserved 1105920K
  class space    used 7928K, committed 8192K, reserved 1048576K
}
Event: 3.498 GC heap before
{Heap before GC invocations=13 (full 0):
 garbage-first heap   total 69632K, used 29272K [0x0000000702000000, 0x0000000800000000)
  region size 2048K, 7 young (14336K), 2 survivors (4096K)
 Metaspace       used 60249K, committed 60736K, reserved 1105920K
  class space    used 8086K, committed 8320K, reserved 1048576K
}
Event: 3.501 GC heap after
{Heap after GC invocations=14 (full 0):
 garbage-first heap   total 69632K, used 22112K [0x0000000702000000, 0x0000000800000000)
  region size 2048K, 2 young (4096K), 2 survivors (4096K)
 Metaspace       used 60249K, committed 60736K, reserved 1105920K
  class space    used 8086K, committed 8320K, reserved 1048576K
}
Event: 42.404 GC heap before
{Heap before GC invocations=15 (full 0):
 garbage-first heap   total 69632K, used 46688K [0x0000000702000000, 0x0000000800000000)
  region size 2048K, 15 young (30720K), 2 survivors (4096K)
 Metaspace       used 62484K, committed 63040K, reserved 1105920K
  class space    used 8441K, committed 8704K, reserved 1048576K
}
Event: 42.445 GC heap after
{Heap after GC invocations=16 (full 1):
 garbage-first heap   total 69632K, used 19743K [0x0000000702000000, 0x0000000800000000)
  region size 2048K, 0 young (0K), 0 survivors (0K)
 Metaspace       used 62484K, committed 63040K, reserved 1105920K
  class space    used 8441K, committed 8704K, reserved 1048576K
}
Event: 42.875 GC heap before
{Heap before GC invocations=16 (full 1):
 garbage-first heap   total 69632K, used 48415K [0x0000000702000000, 0x0000000800000000)
  region size 2048K, 15 young (30720K), 0 survivors (0K)
 Metaspace       used 62501K, committed 63040K, reserved 1105920K
  class space    used 8445K, committed 8704K, reserved 1048576K
}
Event: 42.877 GC heap after
{Heap after GC invocations=17 (full 1):
 garbage-first heap   total 69632K, used 22447K [0x0000000702000000, 0x0000000800000000)
  region size 2048K, 2 young (4096K), 2 survivors (4096K)
 Metaspace       used 62501K, committed 63040K, reserved 1105920K
  class space    used 8445K, committed 8704K, reserved 1048576K
}

Dll operation events (9 events):
Event: 0.007 Loaded shared library C:\Users\Ayoub\Downloads\sts-4.17.2.RELEASE\plugins\org.eclipse.justj.openjdk.hotspot.jre.full.win32.x86_64_17.0.6.v20230125-1136\jre\bin\java.dll
Event: 0.136 Loaded shared library C:\Users\Ayoub\Downloads\sts-4.17.2.RELEASE\plugins\org.eclipse.justj.openjdk.hotspot.jre.full.win32.x86_64_17.0.6.v20230125-1136\jre\bin\jimage.dll
Event: 0.147 Loaded shared library C:\Users\Ayoub\Downloads\sts-4.17.2.RELEASE\plugins\org.eclipse.justj.openjdk.hotspot.jre.full.win32.x86_64_17.0.6.v20230125-1136\jre\bin\net.dll
Event: 0.149 Loaded shared library C:\Users\Ayoub\Downloads\sts-4.17.2.RELEASE\plugins\org.eclipse.justj.openjdk.hotspot.jre.full.win32.x86_64_17.0.6.v20230125-1136\jre\bin\nio.dll
Event: 0.153 Loaded shared library C:\Users\Ayoub\Downloads\sts-4.17.2.RELEASE\plugins\org.eclipse.justj.openjdk.hotspot.jre.full.win32.x86_64_17.0.6.v20230125-1136\jre\bin\zip.dll
Event: 0.198 Loaded shared library C:\Users\Ayoub\Downloads\sts-4.17.2.RELEASE\plugins\org.eclipse.justj.openjdk.hotspot.jre.full.win32.x86_64_17.0.6.v20230125-1136\jre\bin\management.dll
Event: 0.208 Loaded shared library C:\Users\Ayoub\Downloads\sts-4.17.2.RELEASE\plugins\org.eclipse.justj.openjdk.hotspot.jre.full.win32.x86_64_17.0.6.v20230125-1136\jre\bin\management_ext.dll
Event: 0.917 Loaded shared library C:\Users\Ayoub\Downloads\sts-4.17.2.RELEASE\plugins\org.eclipse.justj.openjdk.hotspot.jre.full.win32.x86_64_17.0.6.v20230125-1136\jre\bin\verify.dll
Event: 1.890 Loaded shared library C:\Users\Ayoub\Downloads\sts-4.17.2.RELEASE\plugins\org.eclipse.justj.openjdk.hotspot.jre.full.win32.x86_64_17.0.6.v20230125-1136\jre\bin\sunmscapi.dll

Deoptimization events (8 events):
Event: 0.968 Thread 0x000001ba394b1ed0 DEOPT PACKING pc=0x000001ba292155f9 sp=0x00000091ea1fca20
Event: 0.968 Thread 0x000001ba394b1ed0 DEOPT UNPACKING pc=0x000001ba28cb7143 sp=0x00000091ea1fbf00 mode 3
Event: 2.278 Thread 0x000001ba394b1ed0 DEOPT PACKING pc=0x000001ba29474da5 sp=0x00000091ea1fbbc0
Event: 2.278 Thread 0x000001ba394b1ed0 DEOPT UNPACKING pc=0x000001ba28cb7143 sp=0x00000091ea1fb128 mode 3
Event: 3.598 Thread 0x000001ba394b1ed0 DEOPT PACKING pc=0x000001ba29234852 sp=0x00000091ea1fd480
Event: 3.598 Thread 0x000001ba394b1ed0 DEOPT UNPACKING pc=0x000001ba28cb7143 sp=0x00000091ea1fc988 mode 3
Event: 3.598 Thread 0x000001ba394b1ed0 DEOPT PACKING pc=0x000001ba29222365 sp=0x00000091ea1fd440
Event: 3.598 Thread 0x000001ba394b1ed0 DEOPT UNPACKING pc=0x000001ba28cb7143 sp=0x00000091ea1fc988 mode 3

Classes unloaded (0 events):
No events

Classes redefined (0 events):
No events

Internal exceptions (20 events):
Event: 3.571 Thread 0x000001ba394b1ed0 Exception <a 'java/lang/IncompatibleClassChangeError'{0x00000007072917e0}: Found class java.lang.Object, but interface was expected> (0x00000007072917e0) 
thrown [s\src\hotspot\share\interpreter\linkResolver.cpp, line 826]
Event: 3.597 Thread 0x000001ba394b1ed0 Exception <a 'java/lang/NoSuchMethodError'{0x0000000707029fa0}: 'int java.lang.invoke.DirectMethodHandle$Holder.invokeStaticInit(java.lang.Object, java.lang.Object, java.lang.Object, java.lang.Object)'> (0x0000000707029fa0) 
thrown [s\src\hotspot\share\interpreter\linkResolver.cpp, line 759]
Event: 3.718 Thread 0x000001ba394b1ed0 Exception <a 'java/lang/NoSuchMethodError'{0x0000000704fdd428}: 'java.lang.Object java.lang.invoke.DirectMethodHandle$Holder.newInvokeSpecial(java.lang.Object, java.lang.Object, int, java.lang.Object, java.lang.Object)'> (0x0000000704fdd428) 
thrown [s\src\hotspot\share\interpreter\linkResolver.cpp, line 759]
Event: 3.719 Thread 0x000001ba394b1ed0 Exception <a 'java/lang/NoSuchMethodError'{0x0000000704fe8aa0}: 'java.lang.Object java.lang.invoke.DirectMethodHandle$Holder.invokeSpecial(java.lang.Object, java.lang.Object, int, java.lang.Object, int, java.lang.Object)'> (0x0000000704fe8aa0) 
thrown [s\src\hotspot\share\interpreter\linkResolver.cpp, line 759]
Event: 3.719 Thread 0x000001ba394b1ed0 Exception <a 'java/lang/NoSuchMethodError'{0x0000000704ff0b50}: 'java.lang.Object java.lang.invoke.DirectMethodHandle$Holder.newInvokeSpecial(java.lang.Object, java.lang.Object, int, java.lang.Object, int)'> (0x0000000704ff0b50) 
thrown [s\src\hotspot\share\interpreter\linkResolver.cpp, line 759]
Event: 3.719 Thread 0x000001ba394b1ed0 Exception <a 'java/lang/NoSuchMethodError'{0x0000000704ff4c50}: 'java.lang.Object java.lang.invoke.DirectMethodHandle$Holder.invokeSpecial(java.lang.Object, java.lang.Object, java.lang.Object, int, java.lang.Object, int)'> (0x0000000704ff4c50) 
thrown [s\src\hotspot\share\interpreter\linkResolver.cpp, line 759]
Event: 42.192 Thread 0x000001ba394b1a00 Exception <a 'java/lang/InterruptedException'{0x000000070497f0e8}: sleep interrupted> (0x000000070497f0e8) 
thrown [s\src\hotspot\share\prims\jvm.cpp, line 3070]
Event: 42.402 Thread 0x000001ba3d396be0 Exception <a 'java/lang/NoSuchMethodError'{0x00000007049f6f98}: 'int java.lang.invoke.DirectMethodHandle$Holder.invokeStatic(java.lang.Object, int, java.lang.Object)'> (0x00000007049f6f98) 
thrown [s\src\hotspot\share\interpreter\linkResolver.cpp, line 759]
Event: 42.458 Thread 0x000001ba3d391a10 Exception <a 'sun/nio/fs/WindowsException'{0x0000000711ca1388}> (0x0000000711ca1388) 
thrown [s\src\hotspot\share\prims\jni.cpp, line 516]
Event: 42.701 Thread 0x000001ba3d391a10 Exception <a 'java/lang/NoClassDefFoundError'{0x0000000704ed85b0}: org/flywaydb/core/Flyway> (0x0000000704ed85b0) 
thrown [s\src\hotspot\share\oops\constantPool.cpp, line 835]
Event: 42.701 Thread 0x000001ba3d391a10 Exception <a 'java/lang/NoClassDefFoundError'{0x0000000704ed8c00}: liquibase/integration/spring/SpringLiquibase> (0x0000000704ed8c00) 
thrown [s\src\hotspot\share\oops\constantPool.cpp, line 835]
Event: 42.705 Thread 0x000001ba3d391a10 Exception <a 'java/lang/NoClassDefFoundError'{0x0000000704f1f810}: org/jooq/DSLContext> (0x0000000704f1f810) 
thrown [s\src\hotspot\share\oops\constantPool.cpp, line 835]
Event: 42.706 Thread 0x000001ba3d391a10 Exception <a 'java/lang/NoClassDefFoundError'{0x0000000704f28ff8}: org/springframework/batch/core/repository/JobRepository> (0x0000000704f28ff8) 
thrown [s\src\hotspot\share\oops\constantPool.cpp, line 835]
Event: 42.706 Thread 0x000001ba3d391a10 Exception <a 'java/lang/NoClassDefFoundError'{0x0000000704f29640}: org/quartz/Scheduler> (0x0000000704f29640) 
thrown [s\src\hotspot\share\oops\constantPool.cpp, line 835]
Event: 42.706 Thread 0x000001ba3d391a10 Exception <a 'java/lang/NoClassDefFoundError'{0x0000000704f29cb0}: org/springframework/session/jdbc/JdbcIndexedSessionRepository> (0x0000000704f29cb0) 
thrown [s\src\hotspot\share\oops\constantPool.cpp, line 835]
Event: 42.838 Thread 0x000001ba3d391a10 Exception <a 'sun/nio/fs/WindowsException'{0x0000000704655500}> (0x0000000704655500) 
thrown [s\src\hotspot\share\prims\jni.cpp, line 516]
Event: 42.838 Thread 0x000001ba3d391a10 Exception <a 'sun/nio/fs/WindowsException'{0x0000000704655b68}> (0x0000000704655b68) 
thrown [s\src\hotspot\share\prims\jni.cpp, line 516]
Event: 42.839 Thread 0x000001ba3d391a10 Exception <a 'sun/nio/fs/WindowsException'{0x0000000704657ea0}> (0x0000000704657ea0) 
thrown [s\src\hotspot\share\prims\jni.cpp, line 516]
Event: 42.849 Thread 0x000001ba3d391a10 Exception <a 'java/io/FileNotFoundException'{0x0000000704689428}> (0x0000000704689428) 
thrown [s\src\hotspot\share\prims\jni.cpp, line 516]
Event: 42.885 Thread 0x000001ba3d391a10 Exception <a 'java/io/FileNotFoundException'{0x0000000711d3d820}> (0x0000000711d3d820) 
thrown [s\src\hotspot\share\prims\jni.cpp, line 516]

VM Operations (20 events):
Event: 3.498 Executing VM operation: CollectForMetadataAllocation
Event: 3.501 Executing VM operation: CollectForMetadataAllocation done
Event: 3.522 Executing VM operation: G1Concurrent
Event: 3.524 Executing VM operation: G1Concurrent done
Event: 3.532 Executing VM operation: G1Concurrent
Event: 3.532 Executing VM operation: G1Concurrent done
Event: 3.556 Executing VM operation: HandshakeAllThreads
Event: 3.556 Executing VM operation: HandshakeAllThreads done
Event: 3.559 Executing VM operation: HandshakeAllThreads
Event: 3.559 Executing VM operation: HandshakeAllThreads done
Event: 4.559 Executing VM operation: Cleanup
Event: 4.559 Executing VM operation: Cleanup done
Event: 5.561 Executing VM operation: Cleanup
Event: 5.561 Executing VM operation: Cleanup done
Event: 41.930 Executing VM operation: Cleanup
Event: 41.930 Executing VM operation: Cleanup done
Event: 42.404 Executing VM operation: G1CollectFull
Event: 42.446 Executing VM operation: G1CollectFull done
Event: 42.875 Executing VM operation: G1CollectForAllocation
Event: 42.877 Executing VM operation: G1CollectForAllocation done

Events (20 events):
Event: 42.446 loading class java/lang/ref/Finalizer$2 done
Event: 42.446 loading class java/lang/ref/Finalizer$1
Event: 42.446 loading class java/lang/ref/Finalizer$1 done
Event: 42.446 Thread 0x000001ba3d394f00 Thread added: 0x000001ba3d394f00
Event: 42.446 Thread 0x000001ba3d394f00 Thread exited: 0x000001ba3d394f00
Event: 42.446 Thread 0x000001ba3d391a10 Thread added: 0x000001ba3d391a10
Event: 42.473 Thread 0x000001ba3a678170 Thread added: 0x000001ba3a678170
Event: 42.486 Thread 0x000001ba3d397f20 Thread added: 0x000001ba3d397f20
Event: 42.503 Thread 0x000001ba3d397f20 Thread exited: 0x000001ba3d397f20
Event: 42.693 loading class java/util/WeakHashMap$EntrySet
Event: 42.694 loading class java/util/WeakHashMap$EntrySet done
Event: 42.694 loading class java/util/WeakHashMap$EntryIterator
Event: 42.694 loading class java/util/WeakHashMap$EntryIterator done
Event: 42.719 Thread 0x000001ba3d350f30 Thread added: 0x000001ba3d350f30
Event: 42.719 Thread 0x000001ba3d351440 Thread added: 0x000001ba3d351440
Event: 42.878 Thread 0x000001ba3d3970b0 Thread added: 0x000001ba3d3970b0
Event: 42.885 Thread 0x000001ba3d3923b0 Thread added: 0x000001ba3d3923b0
Event: 42.886 Thread 0x000001ba3d397580 Thread added: 0x000001ba3d397580
Event: 42.886 Thread 0x000001ba3d397f20 Thread added: 0x000001ba3d397f20
Event: 42.980 Thread 0x000001ba3d394090 Thread added: 0x000001ba3d394090


Dynamic libraries:
0x00007ff6e71d0000 - 0x00007ff6e71de000 	C:\Users\Ayoub\Downloads\sts-4.17.2.RELEASE\plugins\org.eclipse.justj.openjdk.hotspot.jre.full.win32.x86_64_17.0.6.v20230125-1136\jre\bin\javaw.exe
0x00007ffe349d0000 - 0x00007ffe34bc8000 	C:\Windows\SYSTEM32\ntdll.dll
0x00007ffe33630000 - 0x00007ffe336ef000 	C:\Windows\System32\KERNEL32.DLL
0x00007ffe32120000 - 0x00007ffe323f2000 	C:\Windows\System32\KERNELBASE.dll
0x00007ffe32490000 - 0x00007ffe32590000 	C:\Windows\System32\ucrtbase.dll
0x00007ffe1e4b0000 - 0x00007ffe1e4c9000 	C:\Users\Ayoub\Downloads\sts-4.17.2.RELEASE\plugins\org.eclipse.justj.openjdk.hotspot.jre.full.win32.x86_64_17.0.6.v20230125-1136\jre\bin\VCRUNTIME140.dll
0x00007ffe1e4d0000 - 0x00007ffe1e4e7000 	C:\Users\Ayoub\Downloads\sts-4.17.2.RELEASE\plugins\org.eclipse.justj.openjdk.hotspot.jre.full.win32.x86_64_17.0.6.v20230125-1136\jre\bin\jli.dll
0x00007ffe33a50000 - 0x00007ffe33bf1000 	C:\Windows\System32\USER32.dll
0x00007ffe32590000 - 0x00007ffe325b2000 	C:\Windows\System32\win32u.dll
0x00007ffe32d30000 - 0x00007ffe32d5b000 	C:\Windows\System32\GDI32.dll
0x00007ffe32700000 - 0x00007ffe3280f000 	C:\Windows\System32\gdi32full.dll
0x00007ffe325f0000 - 0x00007ffe3268d000 	C:\Windows\System32\msvcp_win.dll
0x00007ffe31550000 - 0x00007ffe317ea000 	C:\Windows\WinSxS\amd64_microsoft.windows.common-controls_6595b64144ccf1df_6.0.19041.1110_none_60b5254171f9507e\COMCTL32.dll
0x00007ffe333d0000 - 0x00007ffe3346e000 	C:\Windows\System32\msvcrt.dll
0x00007ffe335a0000 - 0x00007ffe335d0000 	C:\Windows\System32\IMM32.DLL
0x000000006d3f0000 - 0x000000006d3fc000 	C:\Program Files (x86)\360\Total Security\safemon\SafeWrapper.dll
0x00007ffe32a20000 - 0x00007ffe32ace000 	C:\Windows\System32\ADVAPI32.dll
0x00007ffe32d60000 - 0x00007ffe32dfc000 	C:\Windows\System32\sechost.dll
0x00007ffe33470000 - 0x00007ffe33594000 	C:\Windows\System32\RPCRT4.dll
0x00007ffdf3d80000 - 0x00007ffdf3e12000 	C:\Program Files (x86)\360\Total Security\safemon\libzdtp64.dll
0x00007ffe34240000 - 0x00007ffe34985000 	C:\Windows\System32\SHELL32.dll
0x00007ffe341e0000 - 0x00007ffe34235000 	C:\Windows\System32\SHLWAPI.dll
0x00007ffe31e20000 - 0x00007ffe31e2a000 	C:\Windows\SYSTEM32\VERSION.dll
0x00007ffe1e4a0000 - 0x00007ffe1e4ac000 	C:\Users\Ayoub\Downloads\sts-4.17.2.RELEASE\plugins\org.eclipse.justj.openjdk.hotspot.jre.full.win32.x86_64_17.0.6.v20230125-1136\jre\bin\vcruntime140_1.dll
0x00007ffe1e400000 - 0x00007ffe1e491000 	C:\Users\Ayoub\Downloads\sts-4.17.2.RELEASE\plugins\org.eclipse.justj.openjdk.hotspot.jre.full.win32.x86_64_17.0.6.v20230125-1136\jre\bin\msvcp140.dll
0x00007ffdd49e0000 - 0x00007ffdd5627000 	C:\Users\Ayoub\Downloads\sts-4.17.2.RELEASE\plugins\org.eclipse.justj.openjdk.hotspot.jre.full.win32.x86_64_17.0.6.v20230125-1136\jre\bin\server\jvm.dll
0x00007ffe18760000 - 0x00007ffe18787000 	C:\Windows\SYSTEM32\WINMM.dll
0x00007ffe0d890000 - 0x00007ffe0d899000 	C:\Windows\SYSTEM32\WSOCK32.dll
0x00007ffe32e90000 - 0x00007ffe32efb000 	C:\Windows\System32\WS2_32.dll
0x00007ffe2f2f0000 - 0x00007ffe2f302000 	C:\Windows\SYSTEM32\kernel.appcore.dll
0x00007ffe2dc80000 - 0x00007ffe2dc8a000 	C:\Users\Ayoub\Downloads\sts-4.17.2.RELEASE\plugins\org.eclipse.justj.openjdk.hotspot.jre.full.win32.x86_64_17.0.6.v20230125-1136\jre\bin\jimage.dll
0x00007ffe31a90000 - 0x00007ffe31c74000 	C:\Windows\SYSTEM32\DBGHELP.DLL
0x00007ffe319d0000 - 0x00007ffe31a05000 	C:\Windows\SYSTEM32\dbgcore.DLL
0x00007ffe32400000 - 0x00007ffe32482000 	C:\Windows\System32\bcryptPrimitives.dll
0x00007ffe2aac0000 - 0x00007ffe2aae5000 	C:\Users\Ayoub\Downloads\sts-4.17.2.RELEASE\plugins\org.eclipse.justj.openjdk.hotspot.jre.full.win32.x86_64_17.0.6.v20230125-1136\jre\bin\java.dll
0x00007ffe21580000 - 0x00007ffe21598000 	C:\Users\Ayoub\Downloads\sts-4.17.2.RELEASE\plugins\org.eclipse.justj.openjdk.hotspot.jre.full.win32.x86_64_17.0.6.v20230125-1136\jre\bin\zip.dll
0x00007ffe2f310000 - 0x00007ffe2faa2000 	C:\Windows\SYSTEM32\windows.storage.dll
0x00007ffe336f0000 - 0x00007ffe33a45000 	C:\Windows\System32\combase.dll
0x00007ffe313c0000 - 0x00007ffe313f0000 	C:\Windows\SYSTEM32\Wldp.dll
0x00007ffe34130000 - 0x00007ffe341dd000 	C:\Windows\System32\SHCORE.dll
0x00007ffe32010000 - 0x00007ffe3202f000 	C:\Windows\SYSTEM32\profapi.dll
0x00007ffe21560000 - 0x00007ffe21579000 	C:\Users\Ayoub\Downloads\sts-4.17.2.RELEASE\plugins\org.eclipse.justj.openjdk.hotspot.jre.full.win32.x86_64_17.0.6.v20230125-1136\jre\bin\net.dll
0x00007ffe21fc0000 - 0x00007ffe220ca000 	C:\Windows\SYSTEM32\WINHTTP.dll
0x00007ffe31140000 - 0x00007ffe311aa000 	C:\Windows\system32\mswsock.dll
0x00007ffe213f0000 - 0x00007ffe21405000 	C:\Users\Ayoub\Downloads\sts-4.17.2.RELEASE\plugins\org.eclipse.justj.openjdk.hotspot.jre.full.win32.x86_64_17.0.6.v20230125-1136\jre\bin\nio.dll
0x00007ffe2dc90000 - 0x00007ffe2dc99000 	C:\Users\Ayoub\Downloads\sts-4.17.2.RELEASE\plugins\org.eclipse.justj.openjdk.hotspot.jre.full.win32.x86_64_17.0.6.v20230125-1136\jre\bin\management.dll
0x00007ffe1e2f0000 - 0x00007ffe1e2fb000 	C:\Users\Ayoub\Downloads\sts-4.17.2.RELEASE\plugins\org.eclipse.justj.openjdk.hotspot.jre.full.win32.x86_64_17.0.6.v20230125-1136\jre\bin\management_ext.dll
0x00007ffe33eb0000 - 0x00007ffe33eb8000 	C:\Windows\System32\PSAPI.DLL
0x00007ffe1bc90000 - 0x00007ffe1bca7000 	C:\Windows\system32\napinsp.dll
0x00007ffe1bc70000 - 0x00007ffe1bc8b000 	C:\Windows\system32\pnrpnsp.dll
0x00007ffe2b8b0000 - 0x00007ffe2b8c5000 	C:\Windows\system32\wshbth.dll
0x00007ffe2c280000 - 0x00007ffe2c29d000 	C:\Windows\system32\NLAapi.dll
0x00007ffe30e10000 - 0x00007ffe30e4b000 	C:\Windows\SYSTEM32\IPHLPAPI.DLL
0x00007ffe30f50000 - 0x00007ffe3101b000 	C:\Windows\SYSTEM32\DNSAPI.dll
0x00007ffe33c90000 - 0x00007ffe33c98000 	C:\Windows\System32\NSI.dll
0x00007ffdfdeb0000 - 0x00007ffdfdec2000 	C:\Windows\System32\winrnr.dll
0x00007ffe21b80000 - 0x00007ffe21b8a000 	C:\Windows\System32\rasadhlp.dll
0x00007ffe219a0000 - 0x00007ffe21a20000 	C:\Windows\System32\fwpuclnt.dll
0x00007ffe325c0000 - 0x00007ffe325e7000 	C:\Windows\System32\bcrypt.dll
0x00007ffe31df0000 - 0x00007ffe31e08000 	C:\Windows\SYSTEM32\CRYPTSP.dll
0x00007ffe30aa0000 - 0x00007ffe30ad4000 	C:\Windows\system32\rsaenh.dll
0x00007ffe31f90000 - 0x00007ffe31fbe000 	C:\Windows\SYSTEM32\USERENV.dll
0x00007ffe31330000 - 0x00007ffe3133c000 	C:\Windows\SYSTEM32\CRYPTBASE.dll
0x00007ffe225b0000 - 0x00007ffe225c7000 	C:\Windows\SYSTEM32\dhcpcsvc6.DLL
0x00007ffe22590000 - 0x00007ffe225ad000 	C:\Windows\SYSTEM32\dhcpcsvc.DLL
0x00007ffe2c450000 - 0x00007ffe2c460000 	C:\Users\Ayoub\Downloads\sts-4.17.2.RELEASE\plugins\org.eclipse.justj.openjdk.hotspot.jre.full.win32.x86_64_17.0.6.v20230125-1136\jre\bin\verify.dll
0x00007ffe2c2a0000 - 0x00007ffe2c2ae000 	C:\Users\Ayoub\Downloads\sts-4.17.2.RELEASE\plugins\org.eclipse.justj.openjdk.hotspot.jre.full.win32.x86_64_17.0.6.v20230125-1136\jre\bin\sunmscapi.dll
0x00007ffe328c0000 - 0x00007ffe32a16000 	C:\Windows\System32\CRYPT32.dll
0x00007ffe31430000 - 0x00007ffe31457000 	C:\Windows\SYSTEM32\ncrypt.dll
0x00007ffe313f0000 - 0x00007ffe3142b000 	C:\Windows\SYSTEM32\NTASN1.dll
0x00007ffdfc7d0000 - 0x00007ffdfc7d7000 	C:\Windows\system32\wshunix.dll

dbghelp: loaded successfully - version: 4.0.5 - missing functions: none
symbol engine: initialized successfully - sym options: 0x614 - pdb path: .;C:\Users\Ayoub\Downloads\sts-4.17.2.RELEASE\plugins\org.eclipse.justj.openjdk.hotspot.jre.full.win32.x86_64_17.0.6.v20230125-1136\jre\bin;C:\Windows\SYSTEM32;C:\Windows\WinSxS\amd64_microsoft.windows.common-controls_6595b64144ccf1df_6.0.19041.1110_none_60b5254171f9507e;C:\Program Files (x86)\360\Total Security\safemon;C:\Users\Ayoub\Downloads\sts-4.17.2.RELEASE\plugins\org.eclipse.justj.openjdk.hotspot.jre.full.win32.x86_64_17.0.6.v20230125-1136\jre\bin\server

VM Arguments:
jvm_args: -Dcom.sun.management.jmxremote -Dcom.sun.management.jmxremote.port=51596 -Dcom.sun.management.jmxremote.authenticate=false -Dcom.sun.management.jmxremote.ssl=false -Djava.rmi.server.hostname=localhost -Dspring.jmx.enabled=true -Dmanagement.endpoints.jmx.exposure.include=* -Dspring.application.admin.enabled=true -XX:TieredStopAtLevel=1 -Dspring.boot.project.name=TP2_Spring -Dfile.encoding=UTF-8 -XX:+ShowCodeDetailsInExceptionMessages 
java_command: com.example.demo.Tp2SpringApplication --spring.output.ansi.enabled=always
java_class_path (initial): C:\Users\Ayoub\Documents\workspace-spring-tool-suite-4-4.17.2.RELEASE\TP2_Spring\target\classes;C:\Users\Ayoub\.m2\repository\org\springframework\boot\spring-boot-starter-data-jpa\3.0.5\spring-boot-starter-data-jpa-3.0.5.jar;C:\Users\Ayoub\.m2\repository\org\springframework\boot\spring-boot-starter-aop\3.0.5\spring-boot-starter-aop-3.0.5.jar;C:\Users\Ayoub\.m2\repository\org\springframework\spring-aop\6.0.7\spring-aop-6.0.7.jar;C:\Users\Ayoub\.m2\repository\org\aspectj\aspectjweaver\1.9.19\aspectjweaver-1.9.19.jar;C:\Users\Ayoub\.m2\repository\org\springframework\boot\spring-boot-starter-jdbc\3.0.5\spring-boot-starter-jdbc-3.0.5.jar;C:\Users\Ayoub\.m2\repository\com\zaxxer\HikariCP\5.0.1\HikariCP-5.0.1.jar;C:\Users\Ayoub\.m2\repository\org\springframework\spring-jdbc\6.0.7\spring-jdbc-6.0.7.jar;C:\Users\Ayoub\.m2\repository\org\hibernate\orm\hibernate-core\6.1.7.Final\hibernate-core-6.1.7.Final.jar;C:\Users\Ayoub\.m2\repository\jakarta\persistence\jakarta.persistence-api\3.1.0\jakarta.persistence-api-3.1.0.jar;C:\Users\Ayoub\.m2\repository\jakarta\transaction\jakarta.transaction-api\2.0.1\jakarta.transaction-api-2.0.1.jar;C:\Users\Ayoub\.m2\repository\org\jboss\logging\jboss-logging\3.5.0.Final\jboss-logging-3.5.0.Final.jar;C:\Users\Ayoub\.m2\repository\org\hibernate\common\hibernate-commons-annotations\6.0.6.Final\hibernate-commons-annotations-6.0.6.Final.jar;C:\Users\Ayoub\.m2\repository\org\jboss\jandex\2.4.2.Final\jandex-2.4.2.Final.jar;C:\Users\Ayoub\.m2\repository\com\fasterxml\classmate\1.5.1\classmate-1.5.1.jar;C:\Users\Ayoub\.m2\repository\net\bytebuddy\byte-buddy\1.12.23\byte-buddy-1.12.23.jar;C:\Users\Ayoub\.m2\repository\org\glassfish\jaxb\jaxb-runtime\4.0.2\jaxb-runtime-4.0.2.jar;C:\Users\Ayoub\.m2\repository\org\glassfish\jaxb\jaxb-core\4.0.2\jaxb-core-4.0.2.jar;C:\Users\Ayoub\.m2\repository\org\eclipse\angus\angus-activation\2.0.0\angus-activation-2.0.0.jar;C:\Users\Ayoub\.m2\repository\org\glassfish\jaxb\txw2\4.0.2\txw2-4
Launcher Type: SUN_STANDARD

[Global flags]
     intx CICompilerCount                          = 4                                         {product} {ergonomic}
     uint ConcGCThreads                            = 2                                         {product} {ergonomic}
     uint G1ConcRefinementThreads                  = 8                                         {product} {ergonomic}
   size_t G1HeapRegionSize                         = 2097152                                   {product} {ergonomic}
    uintx GCDrainStackTargetSize                   = 64                                        {product} {ergonomic}
   size_t InitialHeapSize                          = 266338304                                 {product} {ergonomic}
     bool ManagementServer                         = true                                      {product} {command line}
   size_t MarkStackSize                            = 4194304                                   {product} {ergonomic}
   size_t MaxHeapSize                              = 4261412864                                {product} {ergonomic}
   size_t MaxNewSize                               = 2556428288                                {product} {ergonomic}
   size_t MinHeapDeltaBytes                        = 2097152                                   {product} {ergonomic}
   size_t MinHeapSize                              = 8388608                                   {product} {ergonomic}
    uintx NonProfiledCodeHeapSize                  = 0                                      {pd product} {ergonomic}
     bool ProfileInterpreter                       = false                                  {pd product} {command line}
    uintx ProfiledCodeHeapSize                     = 0                                      {pd product} {ergonomic}
     bool ShowCodeDetailsInExceptionMessages       = true                                   {manageable} {command line}
   size_t SoftMaxHeapSize                          = 4261412864                             {manageable} {ergonomic}
     intx TieredStopAtLevel                        = 1                                         {product} {command line}
     bool UseCompressedClassPointers               = true                           {product lp64_product} {ergonomic}
     bool UseCompressedOops                        = true                           {product lp64_product} {ergonomic}
     bool UseG1GC                                  = true                                      {product} {ergonomic}
     bool UseLargePagesIndividualAllocation        = false                                  {pd product} {ergonomic}

Logging:
Log output configuration:
 #0: stdout all=warning uptime,level,tags
 #1: stderr all=off uptime,level,tags

Environment Variables:
JAVA_HOME=C:\Program Files\Java\jre1.8.0_351
PATH=C:/Users/Ayoub/Downloads/sts-4.17.2.RELEASE//plugins/org.eclipse.justj.openjdk.hotspot.jre.full.win32.x86_64_17.0.6.v20230125-1136/jre/bin/server;C:/Users/Ayoub/Downloads/sts-4.17.2.RELEASE//plugins/org.eclipse.justj.openjdk.hotspot.jre.full.win32.x86_64_17.0.6.v20230125-1136/jre/bin;C:\App\Admin2\db_home\bin;C:\App\Admin\db_home\bin;C:\Program Files (x86)\Common Files\Oracle\Java\javapath;C:\Windows\system32;C:\Windows;C:\Windows\System32\Wbem;C:\Windows\System32\WindowsPowerShell\v1.0\;C:\Windows\System32\OpenSSH\;C:\Program Files\Java\jre1.8.0_351\bin;C:\Program Files\Microsoft SQL Server\150\Tools\Binn\;C:\Program Files\nodejs\;C:\Program Files\Git\cmd;C:\Program Files\Microsoft SQL Server\Client SDK\ODBC\170\Tools\Binn\;C:\Program Files\dotnet\;C:\Users\Ayoub\AppData\Local\Programs\Python\Python311\Scripts\;C:\Users\Ayoub\AppData\Local\Programs\Python\Python311\;C:\Users\Ayoub\AppData\Local\Microsoft\WindowsApps;C:\Users\Ayoub\AppData\Roaming\npm;C:\Users\Ayoub\AppData\Local\Programs\Microsoft VS Code\bin;C:\Users\Ayoub\.dotnet\tools;C:\Program Files\JetBrains\PyCharm Community Edition 2022.3.2\bin;;C:\Users\Ayoub\Documents\apache-maven-3.9.0\bin;;C:\Users\Ayoub\Downloads\sts-4.17.2.RELEASE;
USERNAME=Ayoub
OS=Windows_NT
PROCESSOR_IDENTIFIER=Intel64 Family 6 Model 142 Stepping 12, GenuineIntel
TMP=C:\Users\Ayoub\AppData\Local\Temp
TEMP=C:\Users\Ayoub\AppData\Local\Temp



---------------  S Y S T E M  ---------------

OS:
 Windows 10 , 64 bit Build 19041 (10.0.19041.2546)
OS uptime: 0 days 0:45 hours

CPU: total 8 (initial active 8) (4 cores per cpu, 2 threads per core) family 6 model 142 stepping 12 microcode 0xec, cx8, cmov, fxsr, ht, mmx, 3dnowpref, sse, sse2, sse3, ssse3, sse4.1, sse4.2, popcnt, lzcnt, tsc, tscinvbit, avx, avx2, aes, erms, clmul, bmi1, bmi2, adx, fma, vzeroupper, clflush, clflushopt

Memory: 4k page, system-wide physical 16254M (6061M free)
TotalPageFile size 32638M (AvailPageFile size 16830M)
current process WorkingSet (physical memory assigned to process): 203M, peak: 203M
current process commit charge ("private bytes"): 237M, peak: 363M

vm_info: OpenJDK 64-Bit Server VM (17.0.6+10) for windows-amd64 JRE (17.0.6+10), built on Jan 18 2023 10:08:59 by "temurin" with MS VC++ 16.7 (VS2019)

END.
